# JRE version: Java(TM) SE Runtime Environment (8.0_101-b13) (build 1.8.0_101-b13)
# Java VM: Java HotSpot(TM) 64-Bit Server VM (25.101-b13 mixed mode windows-amd64 compressed oops)
Heap:
 PSYoungGen      total 409600K, used 249051K [0x000000076ad80000, 0x0000000784e00000, 0x00000007c0000000)
  eden space 394752K, 61% used [0x000000076ad80000,0x0000000779acc458,0x0000000782f00000)
  from space 14848K, 40% used [0x0000000783d00000,0x00000007842ea970,0x0000000784b80000)
  to   space 14336K, 0% used [0x0000000782f00000,0x0000000782f00000,0x0000000783d00000)
 ParOldGen       total 121856K, used 50847K [0x00000006c0800000, 0x00000006c7f00000, 0x000000076ad80000)
  object space 121856K, 41% used [0x00000006c0800000,0x00000006c39a7d10,0x00000006c7f00000)
 Metaspace       used 77882K, capacity 80744K, committed 80896K, reserved 1120256K
  class space    used 9338K, capacity 9894K, committed 9984K, reserved 1048576K
GC Heap History (10 events):
Event: 80.058 GC heap before
{Heap before GC invocations=17 (full 3):
 PSYoungGen      total 275456K, used 2449K [0x000000076ad80000, 0x000000077c980000, 0x00000007c0000000)
  eden space 262144K, 0% used [0x000000076ad80000,0x000000076ad80000,0x000000077ad80000)
  from space 13312K, 18% used [0x000000077bb00000,0x000000077bd64698,0x000000077c800000)
  to   space 13824K, 0% used [0x000000077ad80000,0x000000077ad80000,0x000000077bb00000)
 ParOldGen       total 88064K, used 33350K [0x00000006c0800000, 0x00000006c5e00000, 0x000000076ad80000)
  object space 88064K, 37% used [0x00000006c0800000,0x00000006c2891a50,0x00000006c5e00000)
 Metaspace       used 57321K, capacity 58960K, committed 59136K, reserved 1101824K
  class space    used 7208K, capacity 7584K, committed 7680K, reserved 1048576K
Event: 80.635 GC heap after
Heap after GC invocations=17 (full 3):
 PSYoungGen      total 275456K, used 0K [0x000000076ad80000, 0x000000077c980000, 0x00000007c0000000)
  eden space 262144K, 0% used [0x000000076ad80000,0x000000076ad80000,0x000000077ad80000)
  from space 13312K, 0% used [0x000000077bb00000,0x000000077bb00000,0x000000077c800000)
  to   space 13824K, 0% used [0x000000077ad80000,0x000000077ad80000,0x000000077bb00000)
 ParOldGen       total 121856K, used 34915K [0x00000006c0800000, 0x00000006c7f00000, 0x000000076ad80000)
  object space 121856K, 28% used [0x00000006c0800000,0x00000006c2a18d60,0x00000006c7f00000)
 Metaspace       used 57317K, capacity 58954K, committed 59136K, reserved 1101824K
  class space    used 7208K, capacity 7583K, committed 7680K, reserved 1048576K
}
Event: 106.234 GC heap before
{Heap before GC invocations=18 (full 3):
 PSYoungGen      total 275456K, used 262144K [0x000000076ad80000, 0x000000077c980000, 0x00000007c0000000)
  eden space 262144K, 100% used [0x000000076ad80000,0x000000077ad80000,0x000000077ad80000)
  from space 13312K, 0% used [0x000000077bb00000,0x000000077bb00000,0x000000077c800000)
  to   space 13824K, 0% used [0x000000077ad80000,0x000000077ad80000,0x000000077bb00000)
 ParOldGen       total 121856K, used 34915K [0x00000006c0800000, 0x00000006c7f00000, 0x000000076ad80000)
  object space 121856K, 28% used [0x00000006c0800000,0x00000006c2a18d60,0x00000006c7f00000)
 Metaspace       used 61166K, capacity 62976K, committed 63104K, reserved 1103872K
  class space    used 7587K, capacity 7976K, committed 8064K, reserved 1048576K
Event: 106.273 GC heap after
Heap after GC invocations=18 (full 3):
 PSYoungGen      total 275968K, used 8253K [0x000000076ad80000, 0x0000000781300000, 0x00000007c0000000)
  eden space 262144K, 0% used [0x000000076ad80000,0x000000076ad80000,0x000000077ad80000)
  from space 13824K, 59% used [0x000000077ad80000,0x000000077b58f448,0x000000077bb00000)
  to   space 13824K, 0% used [0x0000000780580000,0x0000000780580000,0x0000000781300000)
 ParOldGen       total 121856K, used 34923K [0x00000006c0800000, 0x00000006c7f00000, 0x000000076ad80000)
  object space 121856K, 28% used [0x00000006c0800000,0x00000006c2a1ad60,0x00000006c7f00000)
 Metaspace       used 61166K, capacity 62976K, committed 63104K, reserved 1103872K
  class space    used 7587K, capacity 7976K, committed 8064K, reserved 1048576K
}
Event: 115.273 GC heap before
{Heap before GC invocations=19 (full 3):
 PSYoungGen      total 275968K, used 270397K [0x000000076ad80000, 0x0000000781300000, 0x00000007c0000000)
  eden space 262144K, 100% used [0x000000076ad80000,0x000000077ad80000,0x000000077ad80000)
  from space 13824K, 59% used [0x000000077ad80000,0x000000077b58f448,0x000000077bb00000)
  to   space 13824K, 0% used [0x0000000780580000,0x0000000780580000,0x0000000781300000)
 ParOldGen       total 121856K, used 34923K [0x00000006c0800000, 0x00000006c7f00000, 0x000000076ad80000)
  object space 121856K, 28% used [0x00000006c0800000,0x00000006c2a1ad60,0x00000006c7f00000)
 Metaspace       used 64783K, capacity 66762K, committed 66816K, reserved 1107968K
  class space    used 7986K, capacity 8395K, committed 8448K, reserved 1048576K
Event: 115.352 GC heap after
Heap after GC invocations=19 (full 3):
 PSYoungGen      total 346112K, used 7083K [0x000000076ad80000, 0x0000000780f00000, 0x00000007c0000000)
  eden space 336384K, 0% used [0x000000076ad80000,0x000000076ad80000,0x000000077f600000)
  from space 9728K, 72% used [0x0000000780580000,0x0000000780c6aec8,0x0000000780f00000)
  to   space 12800K, 0% used [0x000000077f600000,0x000000077f600000,0x0000000780280000)
 ParOldGen       total 121856K, used 40142K [0x00000006c0800000, 0x00000006c7f00000, 0x000000076ad80000)
  object space 121856K, 32% used [0x00000006c0800000,0x00000006c2f338b0,0x00000006c7f00000)
 Metaspace       used 64783K, capacity 66762K, committed 66816K, reserved 1107968K
  class space    used 7986K, capacity 8395K, committed 8448K, reserved 1048576K
}
Event: 124.749 GC heap before
{Heap before GC invocations=20 (full 3):
 PSYoungGen      total 346112K, used 343467K [0x000000076ad80000, 0x0000000780f00000, 0x00000007c0000000)
  eden space 336384K, 100% used [0x000000076ad80000,0x000000077f600000,0x000000077f600000)
  from space 9728K, 72% used [0x0000000780580000,0x0000000780c6aec8,0x0000000780f00000)
  to   space 12800K, 0% used [0x000000077f600000,0x000000077f600000,0x0000000780280000)
 ParOldGen       total 121856K, used 40142K [0x00000006c0800000, 0x00000006c7f00000, 0x000000076ad80000)
  object space 121856K, 32% used [0x00000006c0800000,0x00000006c2f338b0,0x00000006c7f00000)
 Metaspace       used 70293K, capacity 72446K, committed 72576K, reserved 1112064K
  class space    used 8606K, capacity 9025K, committed 9088K, reserved 1048576K
Event: 124.787 GC heap after
Heap after GC invocations=20 (full 3):
 PSYoungGen      total 349184K, used 12795K [0x000000076ad80000, 0x0000000784b80000, 0x00000007c0000000)
  eden space 336384K, 0% used [0x000000076ad80000,0x000000076ad80000,0x000000077f600000)
  from space 12800K, 99% used [0x000000077f600000,0x000000078027ee30,0x0000000780280000)
  to   space 14848K, 0% used [0x0000000783d00000,0x0000000783d00000,0x0000000784b80000)
 ParOldGen       total 121856K, used 41208K [0x00000006c0800000, 0x00000006c7f00000, 0x000000076ad80000)
  object space 121856K, 33% used [0x00000006c0800000,0x00000006c303e198,0x00000006c7f00000)
 Metaspace       used 70293K, capacity 72446K, committed 72576K, reserved 1112064K
  class space    used 8606K, capacity 9025K, committed 9088K, reserved 1048576K
}
Event: 131.375 GC heap before
{Heap before GC invocations=21 (full 3):
 PSYoungGen      total 349184K, used 349179K [0x000000076ad80000, 0x0000000784b80000, 0x00000007c0000000)
  eden space 336384K, 100% used [0x000000076ad80000,0x000000077f600000,0x000000077f600000)
  from space 12800K, 99% used [0x000000077f600000,0x000000078027ee30,0x0000000780280000)
  to   space 14848K, 0% used [0x0000000783d00000,0x0000000783d00000,0x0000000784b80000)
 ParOldGen       total 121856K, used 41208K [0x00000006c0800000, 0x00000006c7f00000, 0x000000076ad80000)
  object space 121856K, 33% used [0x00000006c0800000,0x00000006c303e198,0x00000006c7f00000)
 Metaspace       used 74434K, capacity 76934K, committed 77184K, reserved 1116160K
  class space    used 9037K, capacity 9537K, committed 9600K, reserved 1048576K
Event: 131.459 GC heap after
Heap after GC invocations=21 (full 3):
 PSYoungGen      total 409600K, used 6058K [0x000000076ad80000, 0x0000000784e00000, 0x00000007c0000000)
  eden space 394752K, 0% used [0x000000076ad80000,0x000000076ad80000,0x0000000782f00000)
  from space 14848K, 40% used [0x0000000783d00000,0x00000007842ea970,0x0000000784b80000)
  to   space 14336K, 0% used [0x0000000782f00000,0x0000000782f00000,0x0000000783d00000)
 ParOldGen       total 121856K, used 50847K [0x00000006c0800000, 0x00000006c7f00000, 0x000000076ad80000)
  object space 121856K, 41% used [0x00000006c0800000,0x00000006c39a7d10,0x00000006c7f00000)
 Metaspace       used 74434K, capacity 76934K, committed 77184K, reserved 1116160K
  class space    used 9037K, capacity 9537K, committed 9600K, reserved 1048576K
}

